Using pre-set license
Built from '2021.3/staging' branch; Version is '2021.3.4f1 (cb45f9cae8b7) revision 13321721'; Using compiler version '192829333'; Build Type 'Release'
OS: 'Windows 11  (10.0.22000) 64bit CoreSingleLanguage' Language: 'en' Physical Memory: 16126 MB
BatchMode: 1, IsHumanControllingUs: 0, StartBugReporterOnCrash: 0, Is64bit: 1, IsPro: 1

COMMAND LINE ARGUMENTS:
C:\Program Files\Unity\Hub\Editor\2021.3.4f1\Editor\Unity.exe
-adb2
-batchMode
-noUpm
-name
AssetImportWorker0
-projectPath
D:/Unity_projects/Portfolio/Jungle Night
-logFile
Logs/AssetImportWorker0.log
-srvPort
61327
Successfully changed project path to: D:/Unity_projects/Portfolio/Jungle Night
D:/Unity_projects/Portfolio/Jungle Night
[UnityMemory] Configuration Parameters - Can be set up in boot.config
    "memorysetup-bucket-allocator-granularity=16"
    "memorysetup-bucket-allocator-bucket-count=8"
    "memorysetup-bucket-allocator-block-size=33554432"
    "memorysetup-bucket-allocator-block-count=8"
    "memorysetup-main-allocator-block-size=16777216"
    "memorysetup-thread-allocator-block-size=16777216"
    "memorysetup-gfx-main-allocator-block-size=16777216"
    "memorysetup-gfx-thread-allocator-block-size=16777216"
    "memorysetup-cache-allocator-block-size=4194304"
    "memorysetup-typetree-allocator-block-size=2097152"
    "memorysetup-profiler-bucket-allocator-granularity=16"
    "memorysetup-profiler-bucket-allocator-bucket-count=8"
    "memorysetup-profiler-bucket-allocator-block-size=33554432"
    "memorysetup-profiler-bucket-allocator-block-count=8"
    "memorysetup-profiler-allocator-block-size=16777216"
    "memorysetup-profiler-editor-allocator-block-size=1048576"
    "memorysetup-temp-allocator-size-main=16777216"
    "memorysetup-job-temp-allocator-block-size=2097152"
    "memorysetup-job-temp-allocator-block-size-background=1048576"
    "memorysetup-job-temp-allocator-reduction-small-platforms=262144"
    "memorysetup-temp-allocator-size-background-worker=32768"
    "memorysetup-temp-allocator-size-job-worker=262144"
    "memorysetup-temp-allocator-size-preload-manager=33554432"
    "memorysetup-temp-allocator-size-nav-mesh-worker=65536"
    "memorysetup-temp-allocator-size-audio-worker=65536"
    "memorysetup-temp-allocator-size-cloud-worker=32768"
    "memorysetup-temp-allocator-size-gi-baking-worker=262144"
    "memorysetup-temp-allocator-size-gfx=262144"
Refreshing native plugins compatible for Editor in 186.49 ms, found 3 plugins.
Preloading 0 native plugins for Editor in 0.00 ms.
Initialize engine version: 2021.3.4f1 (cb45f9cae8b7)
[Subsystems] Discovering subsystems at path C:/Program Files/Unity/Hub/Editor/2021.3.4f1/Editor/Data/Resources/UnitySubsystems
[Subsystems] Discovering subsystems at path D:/Unity_projects/Portfolio/Jungle Night/Assets
GfxDevice: creating device client; threaded=0; jobified=0
Direct3D:
    Version:  Direct3D 11.0 [level 11.1]
    Renderer: NVIDIA GeForce RTX 3050 Laptop GPU (ID=0x25a2)
    Vendor:   NVIDIA
    VRAM:     3991 MB
    Driver:   31.0.15.1640
Initialize mono
Mono path[0] = 'C:/Program Files/Unity/Hub/Editor/2021.3.4f1/Editor/Data/Managed'
Mono path[1] = 'C:/Program Files/Unity/Hub/Editor/2021.3.4f1/Editor/Data/MonoBleedingEdge/lib/mono/unityjit-win32'
Mono config path = 'C:/Program Files/Unity/Hub/Editor/2021.3.4f1/Editor/Data/MonoBleedingEdge/etc'
Using monoOptions --debugger-agent=transport=dt_socket,embedding=1,server=y,suspend=n,address=127.0.0.1:56072
Begin MonoManager ReloadAssembly
Registering precompiled unity dll's ...
Register platform support module: C:/Program Files/Unity/Hub/Editor/2021.3.4f1/Editor/Data/PlaybackEngines/WebGLSupport/UnityEditor.WebGL.Extensions.dll
Register platform support module: C:/Program Files/Unity/Hub/Editor/2021.3.4f1/Editor/Data/PlaybackEngines/AndroidPlayer/UnityEditor.Android.Extensions.dll
Register platform support module: C:/Program Files/Unity/Hub/Editor/2021.3.4f1/Editor/Data/PlaybackEngines/iOSSupport/UnityEditor.iOS.Extensions.dll
Register platform support module: C:/Program Files/Unity/Hub/Editor/2021.3.4f1/Editor/Data/PlaybackEngines/WindowsStandaloneSupport/UnityEditor.WindowsStandalone.Extensions.dll
Registered in 0.006785 seconds.
Native extension for WindowsStandalone target not found
[usbmuxd] Start listen thread
[usbmuxd] Listen thread started
Native extension for iOS target not found
Native extension for Android target not found
Native extension for WebGL target not found
Refreshing native plugins compatible for Editor in 171.26 ms, found 3 plugins.
Preloading 0 native plugins for Editor in 0.00 ms.
Mono: successfully reloaded assembly
- Completed reload, in  0.851 seconds
Domain Reload Profiling:
	ReloadAssembly (851ms)
		BeginReloadAssembly (78ms)
			ExecutionOrderSort (0ms)
			DisableScriptedObjects (0ms)
			BackupInstance (0ms)
			ReleaseScriptingObjects (0ms)
			CreateAndSetChildDomain (1ms)
		EndReloadAssembly (645ms)
			LoadAssemblies (77ms)
			RebuildTransferFunctionScriptingTraits (0ms)
			SetupTypeCache (125ms)
			ReleaseScriptCaches (0ms)
			RebuildScriptCaches (29ms)
			SetupLoadedEditorAssemblies (425ms)
				LogAssemblyErrors (0ms)
				InitializePlatformSupportModulesInManaged (68ms)
				SetLoadedEditorAssemblies (0ms)
				RefreshPlugins (171ms)
				BeforeProcessingInitializeOnLoad (2ms)
				ProcessInitializeOnLoadAttributes (119ms)
				ProcessInitializeOnLoadMethodAttributes (64ms)
				AfterProcessingInitializeOnLoad (0ms)
				EditorAssembliesLoaded (0ms)
			ExecutionOrderSort2 (0ms)
			AwakeInstancesAfterBackupRestoration (0ms)
Platform modules already initialized, skipping
Registering precompiled user dll's ...
Registered in 0.009213 seconds.
Begin MonoManager ReloadAssembly
Symbol file LoadedFromMemory doesn't match image D:\Unity_projects\Portfolio\Jungle Night\Library\PackageCache\com.unity.visualscripting@1.7.8\Editor\VisualScripting.Core\Dependencies\YamlDotNet\Unity.VisualScripting.YamlDotNet.dll
Symbol file LoadedFromMemory doesn't match image D:\Unity_projects\Portfolio\Jungle Night\Library\PackageCache\com.unity.visualscripting@1.7.8\Editor\VisualScripting.Core\Dependencies\DotNetZip\Unity.VisualScripting.IonicZip.dll
Native extension for WindowsStandalone target not found
Native extension for iOS target not found
Native extension for Android target not found
Native extension for WebGL target not found
Refreshing native plugins compatible for Editor in 160.05 ms, found 3 plugins.
Preloading 0 native plugins for Editor in 0.00 ms.
System.Exception: Error! Visual Scripting: couldn't find visual scripting package
  at Unity.VisualScripting.PackageVersionUtility.get_version () [0x00043] in D:\Unity_projects\Portfolio\Jungle Night\Library\PackageCache\com.unity.visualscripting@1.7.8\Editor\VisualScripting.Core\Utilities\PackageVersionUtility.cs:31 
  at Unity.VisualScripting.BoltCoreManifest.get_version () [0x00000] in D:\Unity_projects\Portfolio\Jungle Night\Library\PackageCache\com.unity.visualscripting@1.7.8\Editor\VisualScripting.Core\Plugin\BoltCoreManifest.cs:11 
  at Unity.VisualScripting.PluginManifest.get_currentVersion () [0x00000] in D:\Unity_projects\Portfolio\Jungle Night\Library\PackageCache\com.unity.visualscripting@1.7.8\Editor\VisualScripting.Core\Plugins\PluginManifest.cs:33 
  at Unity.VisualScripting.PluginManifest.get_versionMismatch () [0x00000] in D:\Unity_projects\Portfolio\Jungle Night\Library\PackageCache\com.unity.visualscripting@1.7.8\Editor\VisualScripting.Core\Plugins\PluginManifest.cs:48 
  at Unity.VisualScripting.PluginContainer.Initialize () [0x00525] in D:\Unity_projects\Portfolio\Jungle Night\Library\PackageCache\com.unity.visualscripting@1.7.8\Editor\VisualScripting.Core\Plugins\PluginContainer.cs:208 
  at Unity.VisualScripting.PluginContainer.InitializeOnLoad () [0x00009] in D:\Unity_projects\Portfolio\Jungle Night\Library\PackageCache\com.unity.visualscripting@1.7.8\Editor\VisualScripting.Core\Plugins\PluginContainer.cs:32 
  at Unity.VisualScripting.VSUsageUtility.DoInitializeOnLoadCalls () [0x00034] in D:\Unity_projects\Portfolio\Jungle Night\Library\PackageCache\com.unity.visualscripting@1.7.8\Editor\VisualScripting.Core\Utilities\VSUsageUtility.cs:76 
  at Unity.VisualScripting.VSUsageUtility.set_isVisualScriptingUsed (System.Boolean value) [0x0002c] in D:\Unity_projects\Portfolio\Jungle Night\Library\PackageCache\com.unity.visualscripting@1.7.8\Editor\VisualScripting.Core\Utilities\VSUsageUtility.cs:114 
  at Unity.VisualScripting.VSUsageUtility.CheckAndSetIsVisualScriptingUsed () [0x00032] in D:\Unity_projects\Portfolio\Jungle Night\Library\PackageCache\com.unity.visualscripting@1.7.8\Editor\VisualScripting.Core\Utilities\VSUsageUtility.cs:48 
  at Unity.VisualScripting.VSUsageUtility..cctor () [0x00000] in D:\Unity_projects\Portfolio\Jungle Night\Library\PackageCache\com.unity.visualscripting@1.7.8\Editor\VisualScripting.Core\Utilities\VSUsageUtility.cs:22 
UnityEngine.StackTraceUtility:ExtractStackTrace ()
UnityEngine.DebugLogHandler:LogFormat (UnityEngine.LogType,UnityEngine.Object,string,object[])
UnityEngine.Logger:Log (UnityEngine.LogType,object)
UnityEngine.Debug:LogError (object)
UnityEditor.EditorAssemblies:ProcessInitializeOnLoadAttributes (System.Type[])

Mono: successfully reloaded assembly
- Completed reload, in  1.932 seconds
Domain Reload Profiling:
	ReloadAssembly (1933ms)
		BeginReloadAssembly (236ms)
			ExecutionOrderSort (0ms)
			DisableScriptedObjects (9ms)
			BackupInstance (0ms)
			ReleaseScriptingObjects (0ms)
			CreateAndSetChildDomain (124ms)
		EndReloadAssembly (1570ms)
			LoadAssemblies (105ms)
			RebuildTransferFunctionScriptingTraits (0ms)
			SetupTypeCache (296ms)
			ReleaseScriptCaches (1ms)
			RebuildScriptCaches (85ms)
			SetupLoadedEditorAssemblies (1031ms)
				LogAssemblyErrors (0ms)
				InitializePlatformSupportModulesInManaged (25ms)
				SetLoadedEditorAssemblies (0ms)
				RefreshPlugins (160ms)
				BeforeProcessingInitializeOnLoad (107ms)
				ProcessInitializeOnLoadAttributes (705ms)
				ProcessInitializeOnLoadMethodAttributes (22ms)
				AfterProcessingInitializeOnLoad (10ms)
				EditorAssembliesLoaded (0ms)
			ExecutionOrderSort2 (0ms)
			AwakeInstancesAfterBackupRestoration (6ms)
Platform modules already initialized, skipping
========================================================================
Worker process is ready to serve import requests
Launched and connected shader compiler UnityShaderCompiler.exe after 0.10 seconds
Refreshing native plugins compatible for Editor in 1.53 ms, found 3 plugins.
Preloading 0 native plugins for Editor in 0.00 ms.
Unloading 4346 Unused Serialized files (Serialized files now loaded: 0)
Unloading 65 unused Assets / (3.2 MB). Loaded Objects now: 4837.
Memory consumption went from 208.2 MB to 205.1 MB.
Total: 11.465100 ms (FindLiveObjects: 0.477500 ms CreateObjectMapping: 0.195600 ms MarkObjects: 10.123400 ms  DeleteObjects: 0.667300 ms)

AssetImportParameters requested are different than current active one (requested -> active):
  custom:video-decoder-ogg-theora: a1e56fd34408186e4bbccfd4996cb3dc -> 
  custom:container-muxer-webm: aa71ff27fc2769a1b78a27578f13a17b -> 
  custom:container-demuxer-webm: 4f35f7cbe854078d1ac9338744f61a02 -> 
  custom:video-encoder-webm-vp8: eb34c28f22e8b96e1ab97ce403110664 -> 
  custom:video-codec-MediaFoundation-h265: 746d11721c4dcdbdad8f713fa42b33f4 -> 
  custom:audio-encoder-webm-vorbis: bf7c407c2cedff20999df2af8eb42d56 -> 
  custom:framework-win-MediaFoundation: 216162199b28c13a410421893ffa2e32 -> 
  custom:container-demuxer-ogg: 62fdf1f143b41e24485cea50d1cbac27 -> 
  custom:video-decoder-webm-vp8: 9c59270c3fd7afecdb556c50c9e8de78 -> 
  custom:audio-decoder-ogg-vorbis: bf7c407c2cedff20999df2af8eb42d56 -> 
========================================================================
Received Import Request.
  Time since last request: 53703.880169 seconds.
  path: Assets/Reticles
  artifactKey: Guid(45c6fc57155f5584599a44a1629f9f49) Importer(815301076,1909f56bfc062723c751e8b465ee728b)
Start importing Assets/Reticles using Guid(45c6fc57155f5584599a44a1629f9f49) Importer(815301076,1909f56bfc062723c751e8b465ee728b)  -> (artifact id: '5ed31d46e149b6bdecaccf2a0a2e52cd') in 0.012048 seconds 
========================================================================
Received Import Request.
  Time since last request: 11.381062 seconds.
  path: Assets/Resources
  artifactKey: Guid(cb04ea08be3481b44adba57996415502) Importer(815301076,1909f56bfc062723c751e8b465ee728b)
Start importing Assets/Resources using Guid(cb04ea08be3481b44adba57996415502) Importer(815301076,1909f56bfc062723c751e8b465ee728b)  -> (artifact id: '86877e5ffe6e0c5ff2049ba57f0b3c21') in 0.002517 seconds 
========================================================================
Received Import Request.
  Time since last request: 23.020719 seconds.
  path: Assets/Unity.VisualScripting.Generated
  artifactKey: Guid(394e223a51504b14dbbd1cab33e27061) Importer(815301076,1909f56bfc062723c751e8b465ee728b)
Start importing Assets/Unity.VisualScripting.Generated using Guid(394e223a51504b14dbbd1cab33e27061) Importer(815301076,1909f56bfc062723c751e8b465ee728b)  -> (artifact id: '931f9599eb1509da114f072b39045477') in 0.040410 seconds 
========================================================================
Received Import Request.
  Time since last request: 0.940971 seconds.
  path: Assets/Unity.VisualScripting.Generated/VisualScripting.Flow
  artifactKey: Guid(1aa5c42b24b4ab5488d16b00ccf83c18) Importer(815301076,1909f56bfc062723c751e8b465ee728b)
Start importing Assets/Unity.VisualScripting.Generated/VisualScripting.Flow using Guid(1aa5c42b24b4ab5488d16b00ccf83c18) Importer(815301076,1909f56bfc062723c751e8b465ee728b)  -> (artifact id: 'da4f497db3f8d70bdb9ee14218bae3df') in 0.003236 seconds 
========================================================================
Received Prepare
Registering precompiled user dll's ...
Registered in 0.004750 seconds.
Begin MonoManager ReloadAssembly
Symbol file LoadedFromMemory doesn't match image D:\Unity_projects\Portfolio\Jungle Night\Library\PackageCache\com.unity.visualscripting@1.7.8\Editor\VisualScripting.Core\Dependencies\YamlDotNet\Unity.VisualScripting.YamlDotNet.dll
Symbol file LoadedFromMemory doesn't match image D:\Unity_projects\Portfolio\Jungle Night\Library\PackageCache\com.unity.visualscripting@1.7.8\Editor\VisualScripting.Core\Dependencies\DotNetZip\Unity.VisualScripting.IonicZip.dll
Native extension for WindowsStandalone target not found
Native extension for iOS target not found
Native extension for Android target not found
Native extension for WebGL target not found
Refreshing native plugins compatible for Editor in 1.06 ms, found 3 plugins.
Preloading 0 native plugins for Editor in 0.00 ms.
System.Exception: Error! Visual Scripting: couldn't find visual scripting package
  at Unity.VisualScripting.PackageVersionUtility.get_version () [0x00043] in D:\Unity_projects\Portfolio\Jungle Night\Library\PackageCache\com.unity.visualscripting@1.7.8\Editor\VisualScripting.Core\Utilities\PackageVersionUtility.cs:31 
  at Unity.VisualScripting.BoltCoreManifest.get_version () [0x00000] in D:\Unity_projects\Portfolio\Jungle Night\Library\PackageCache\com.unity.visualscripting@1.7.8\Editor\VisualScripting.Core\Plugin\BoltCoreManifest.cs:11 
  at Unity.VisualScripting.PluginManifest.get_currentVersion () [0x00000] in D:\Unity_projects\Portfolio\Jungle Night\Library\PackageCache\com.unity.visualscripting@1.7.8\Editor\VisualScripting.Core\Plugins\PluginManifest.cs:33 
  at Unity.VisualScripting.PluginManifest.get_versionMismatch () [0x00000] in D:\Unity_projects\Portfolio\Jungle Night\Library\PackageCache\com.unity.visualscripting@1.7.8\Editor\VisualScripting.Core\Plugins\PluginManifest.cs:48 
  at Unity.VisualScripting.PluginContainer.Initialize () [0x00525] in D:\Unity_projects\Portfolio\Jungle Night\Library\PackageCache\com.unity.visualscripting@1.7.8\Editor\VisualScripting.Core\Plugins\PluginContainer.cs:208 
  at Unity.VisualScripting.PluginContainer.InitializeOnLoad () [0x00009] in D:\Unity_projects\Portfolio\Jungle Night\Library\PackageCache\com.unity.visualscripting@1.7.8\Editor\VisualScripting.Core\Plugins\PluginContainer.cs:32 
  at Unity.VisualScripting.VSUsageUtility.DoInitializeOnLoadCalls () [0x00034] in D:\Unity_projects\Portfolio\Jungle Night\Library\PackageCache\com.unity.visualscripting@1.7.8\Editor\VisualScripting.Core\Utilities\VSUsageUtility.cs:76 
  at Unity.VisualScripting.VSUsageUtility.set_isVisualScriptingUsed (System.Boolean value) [0x0002c] in D:\Unity_projects\Portfolio\Jungle Night\Library\PackageCache\com.unity.visualscripting@1.7.8\Editor\VisualScripting.Core\Utilities\VSUsageUtility.cs:114 
  at Unity.VisualScripting.VSUsageUtility.CheckAndSetIsVisualScriptingUsed () [0x0000d] in D:\Unity_projects\Portfolio\Jungle Night\Library\PackageCache\com.unity.visualscripting@1.7.8\Editor\VisualScripting.Core\Utilities\VSUsageUtility.cs:33 
  at Unity.VisualScripting.VSUsageUtility..cctor () [0x00000] in D:\Unity_projects\Portfolio\Jungle Night\Library\PackageCache\com.unity.visualscripting@1.7.8\Editor\VisualScripting.Core\Utilities\VSUsageUtility.cs:22 
UnityEngine.StackTraceUtility:ExtractStackTrace ()
UnityEngine.DebugLogHandler:LogFormat (UnityEngine.LogType,UnityEngine.Object,string,object[])
UnityEngine.Logger:Log (UnityEngine.LogType,object)
UnityEngine.Debug:LogError (object)
UnityEditor.EditorAssemblies:ProcessInitializeOnLoadAttributes (System.Type[])

Mono: successfully reloaded assembly
- Completed reload, in  1.745 seconds
Domain Reload Profiling:
	ReloadAssembly (1746ms)
		BeginReloadAssembly (222ms)
			ExecutionOrderSort (0ms)
			DisableScriptedObjects (6ms)
			BackupInstance (0ms)
			ReleaseScriptingObjects (0ms)
			CreateAndSetChildDomain (57ms)
		EndReloadAssembly (1382ms)
			LoadAssemblies (135ms)
			RebuildTransferFunctionScriptingTraits (0ms)
			SetupTypeCache (339ms)
			ReleaseScriptCaches (3ms)
			RebuildScriptCaches (66ms)
			SetupLoadedEditorAssemblies (610ms)
				LogAssemblyErrors (0ms)
				InitializePlatformSupportModulesInManaged (35ms)
				SetLoadedEditorAssemblies (0ms)
				RefreshPlugins (1ms)
				BeforeProcessingInitializeOnLoad (85ms)
				ProcessInitializeOnLoadAttributes (449ms)
				ProcessInitializeOnLoadMethodAttributes (31ms)
				AfterProcessingInitializeOnLoad (8ms)
				EditorAssembliesLoaded (0ms)
			ExecutionOrderSort2 (0ms)
			AwakeInstancesAfterBackupRestoration (5ms)
Platform modules already initialized, skipping
Refreshing native plugins compatible for Editor in 1.81 ms, found 3 plugins.
Preloading 0 native plugins for Editor in 0.00 ms.
Unloading 4206 Unused Serialized files (Serialized files now loaded: 0)
Unloading 58 unused Assets / (3.2 MB). Loaded Objects now: 4831.
Memory consumption went from 195.4 MB to 192.3 MB.
Total: 11.633900 ms (FindLiveObjects: 0.344200 ms CreateObjectMapping: 0.155200 ms MarkObjects: 10.378100 ms  DeleteObjects: 0.754500 ms)

AssetImportParameters requested are different than current active one (requested -> active):
  custom:video-decoder-ogg-theora: a1e56fd34408186e4bbccfd4996cb3dc -> 
  custom:container-muxer-webm: aa71ff27fc2769a1b78a27578f13a17b -> 
  custom:container-demuxer-webm: 4f35f7cbe854078d1ac9338744f61a02 -> 
  custom:video-encoder-webm-vp8: eb34c28f22e8b96e1ab97ce403110664 -> 
  custom:video-codec-MediaFoundation-h265: 746d11721c4dcdbdad8f713fa42b33f4 -> 
  custom:audio-encoder-webm-vorbis: bf7c407c2cedff20999df2af8eb42d56 -> 
  custom:framework-win-MediaFoundation: 216162199b28c13a410421893ffa2e32 -> 
  custom:container-demuxer-ogg: 62fdf1f143b41e24485cea50d1cbac27 -> 
  custom:video-decoder-webm-vp8: 9c59270c3fd7afecdb556c50c9e8de78 -> 
  custom:audio-decoder-ogg-vorbis: bf7c407c2cedff20999df2af8eb42d56 -> 
========================================================================
Received Prepare
Registering precompiled user dll's ...
Registered in 0.004872 seconds.
Begin MonoManager ReloadAssembly
Symbol file LoadedFromMemory doesn't match image D:\Unity_projects\Portfolio\Jungle Night\Library\PackageCache\com.unity.visualscripting@1.7.8\Editor\VisualScripting.Core\Dependencies\YamlDotNet\Unity.VisualScripting.YamlDotNet.dll
Symbol file LoadedFromMemory doesn't match image D:\Unity_projects\Portfolio\Jungle Night\Library\PackageCache\com.unity.visualscripting@1.7.8\Editor\VisualScripting.Core\Dependencies\DotNetZip\Unity.VisualScripting.IonicZip.dll
Native extension for WindowsStandalone target not found
Native extension for iOS target not found
Native extension for Android target not found
Native extension for WebGL target not found
Refreshing native plugins compatible for Editor in 1.50 ms, found 3 plugins.
Preloading 0 native plugins for Editor in 0.00 ms.
System.Exception: Error! Visual Scripting: couldn't find visual scripting package
  at Unity.VisualScripting.PackageVersionUtility.get_version () [0x00043] in D:\Unity_projects\Portfolio\Jungle Night\Library\PackageCache\com.unity.visualscripting@1.7.8\Editor\VisualScripting.Core\Utilities\PackageVersionUtility.cs:31 
  at Unity.VisualScripting.BoltCoreManifest.get_version () [0x00000] in D:\Unity_projects\Portfolio\Jungle Night\Library\PackageCache\com.unity.visualscripting@1.7.8\Editor\VisualScripting.Core\Plugin\BoltCoreManifest.cs:11 
  at Unity.VisualScripting.PluginManifest.get_currentVersion () [0x00000] in D:\Unity_projects\Portfolio\Jungle Night\Library\PackageCache\com.unity.visualscripting@1.7.8\Editor\VisualScripting.Core\Plugins\PluginManifest.cs:33 
  at Unity.VisualScripting.PluginManifest.get_versionMismatch () [0x00000] in D:\Unity_projects\Portfolio\Jungle Night\Library\PackageCache\com.unity.visualscripting@1.7.8\Editor\VisualScripting.Core\Plugins\PluginManifest.cs:48 
  at Unity.VisualScripting.PluginContainer.Initialize () [0x00525] in D:\Unity_projects\Portfolio\Jungle Night\Library\PackageCache\com.unity.visualscripting@1.7.8\Editor\VisualScripting.Core\Plugins\PluginContainer.cs:208 
  at Unity.VisualScripting.PluginContainer.InitializeOnLoad () [0x00009] in D:\Unity_projects\Portfolio\Jungle Night\Library\PackageCache\com.unity.visualscripting@1.7.8\Editor\VisualScripting.Core\Plugins\PluginContainer.cs:32 
  at Unity.VisualScripting.VSUsageUtility.DoInitializeOnLoadCalls () [0x00034] in D:\Unity_projects\Portfolio\Jungle Night\Library\PackageCache\com.unity.visualscripting@1.7.8\Editor\VisualScripting.Core\Utilities\VSUsageUtility.cs:76 
  at Unity.VisualScripting.VSUsageUtility.set_isVisualScriptingUsed (System.Boolean value) [0x0002c] in D:\Unity_projects\Portfolio\Jungle Night\Library\PackageCache\com.unity.visualscripting@1.7.8\Editor\VisualScripting.Core\Utilities\VSUsageUtility.cs:114 
  at Unity.VisualScripting.VSUsageUtility.CheckAndSetIsVisualScriptingUsed () [0x0000d] in D:\Unity_projects\Portfolio\Jungle Night\Library\PackageCache\com.unity.visualscripting@1.7.8\Editor\VisualScripting.Core\Utilities\VSUsageUtility.cs:33 
  at Unity.VisualScripting.VSUsageUtility..cctor () [0x00000] in D:\Unity_projects\Portfolio\Jungle Night\Library\PackageCache\com.unity.visualscripting@1.7.8\Editor\VisualScripting.Core\Utilities\VSUsageUtility.cs:22 
UnityEngine.StackTraceUtility:ExtractStackTrace ()
UnityEngine.DebugLogHandler:LogFormat (UnityEngine.LogType,UnityEngine.Object,string,object[])
UnityEngine.Logger:Log (UnityEngine.LogType,object)
UnityEngine.Debug:LogError (object)
UnityEditor.EditorAssemblies:ProcessInitializeOnLoadAttributes (System.Type[])

Mono: successfully reloaded assembly
- Completed reload, in  1.790 seconds
Domain Reload Profiling:
	ReloadAssembly (1791ms)
		BeginReloadAssembly (199ms)
			ExecutionOrderSort (0ms)
			DisableScriptedObjects (5ms)
			BackupInstance (0ms)
			ReleaseScriptingObjects (0ms)
			CreateAndSetChildDomain (49ms)
		EndReloadAssembly (1494ms)
			LoadAssemblies (123ms)
			RebuildTransferFunctionScriptingTraits (0ms)
			SetupTypeCache (302ms)
			ReleaseScriptCaches (2ms)
			RebuildScriptCaches (47ms)
			SetupLoadedEditorAssemblies (799ms)
				LogAssemblyErrors (0ms)
				InitializePlatformSupportModulesInManaged (34ms)
				SetLoadedEditorAssemblies (1ms)
				RefreshPlugins (2ms)
				BeforeProcessingInitializeOnLoad (93ms)
				ProcessInitializeOnLoadAttributes (613ms)
				ProcessInitializeOnLoadMethodAttributes (47ms)
				AfterProcessingInitializeOnLoad (10ms)
				EditorAssembliesLoaded (0ms)
			ExecutionOrderSort2 (0ms)
			AwakeInstancesAfterBackupRestoration (10ms)
Platform modules already initialized, skipping
Refreshing native plugins compatible for Editor in 2.14 ms, found 3 plugins.
Preloading 0 native plugins for Editor in 0.00 ms.
Unloading 4206 Unused Serialized files (Serialized files now loaded: 0)
Unloading 48 unused Assets / (3.1 MB). Loaded Objects now: 4835.
Memory consumption went from 195.4 MB to 192.3 MB.
Total: 22.588900 ms (FindLiveObjects: 0.731100 ms CreateObjectMapping: 0.436200 ms MarkObjects: 20.379400 ms  DeleteObjects: 1.039800 ms)

AssetImportParameters requested are different than current active one (requested -> active):
  custom:video-decoder-ogg-theora: a1e56fd34408186e4bbccfd4996cb3dc -> 
  custom:container-muxer-webm: aa71ff27fc2769a1b78a27578f13a17b -> 
  custom:container-demuxer-webm: 4f35f7cbe854078d1ac9338744f61a02 -> 
  custom:video-encoder-webm-vp8: eb34c28f22e8b96e1ab97ce403110664 -> 
  custom:video-codec-MediaFoundation-h265: 746d11721c4dcdbdad8f713fa42b33f4 -> 
  custom:audio-encoder-webm-vorbis: bf7c407c2cedff20999df2af8eb42d56 -> 
  custom:framework-win-MediaFoundation: 216162199b28c13a410421893ffa2e32 -> 
  custom:container-demuxer-ogg: 62fdf1f143b41e24485cea50d1cbac27 -> 
  custom:video-decoder-webm-vp8: 9c59270c3fd7afecdb556c50c9e8de78 -> 
  custom:audio-decoder-ogg-vorbis: bf7c407c2cedff20999df2af8eb42d56 -> 
========================================================================
Received Import Request.
  Time since last request: 146.483529 seconds.
  path: Assets/AssetStoreOriginals/Fonts/Ammunition pack (demo)/Animations
  artifactKey: Guid(7a183f4e3eb465544838e6d6882f8aa6) Importer(815301076,1909f56bfc062723c751e8b465ee728b)
Start importing Assets/AssetStoreOriginals/Fonts/Ammunition pack (demo)/Animations using Guid(7a183f4e3eb465544838e6d6882f8aa6) Importer(815301076,1909f56bfc062723c751e8b465ee728b)  -> (artifact id: '8dfdd813eba639108c16079ea5052c80') in 0.012167 seconds 
========================================================================
Received Import Request.
  Time since last request: 5.740717 seconds.
  path: Assets/AssetStoreOriginals/Fonts/Ammunition pack (demo)/Materials
  artifactKey: Guid(fa0006f8177e3f6419a131b7d38573db) Importer(815301076,1909f56bfc062723c751e8b465ee728b)
Start importing Assets/AssetStoreOriginals/Fonts/Ammunition pack (demo)/Materials using Guid(fa0006f8177e3f6419a131b7d38573db) Importer(815301076,1909f56bfc062723c751e8b465ee728b)  -> (artifact id: '39f7d3612cde665b78164d320accdf5e') in 0.001594 seconds 
========================================================================
Received Import Request.
  Time since last request: 0.008161 seconds.
  path: Assets/AssetStoreOriginals/Fonts/Ammunition pack (demo)/Materials/Platform_mat.mat
  artifactKey: Guid(dc373e2b02159094eaa68fa84e24cb5d) Importer(815301076,1909f56bfc062723c751e8b465ee728b)
Start importing Assets/AssetStoreOriginals/Fonts/Ammunition pack (demo)/Materials/Platform_mat.mat using Guid(dc373e2b02159094eaa68fa84e24cb5d) Importer(815301076,1909f56bfc062723c751e8b465ee728b)  -> (artifact id: '553393b0037133dfb87d6e2d621e154a') in 0.127762 seconds 
========================================================================
Received Import Request.
  Time since last request: 8.715157 seconds.
  path: Assets/AssetStoreOriginals/Fonts/Ammunition pack (demo)/Textures
  artifactKey: Guid(34883f9eb5b0e1f43b4b2dc1e0214eb0) Importer(815301076,1909f56bfc062723c751e8b465ee728b)
Start importing Assets/AssetStoreOriginals/Fonts/Ammunition pack (demo)/Textures using Guid(34883f9eb5b0e1f43b4b2dc1e0214eb0) Importer(815301076,1909f56bfc062723c751e8b465ee728b)  -> (artifact id: '8d9d5ee537069f8fa180f9546290d389') in 0.039799 seconds 
========================================================================
Received Import Request.
  Time since last request: 0.008139 seconds.
  path: Assets/AssetStoreOriginals/Fonts/Ammunition pack (demo)/Textures/Bullet1_diffuse1.tga
  artifactKey: Guid(30fcefff8373d6c4fa567c23ded3a8a3) Importer(815301076,1909f56bfc062723c751e8b465ee728b)
Start importing Assets/AssetStoreOriginals/Fonts/Ammunition pack (demo)/Textures/Bullet1_diffuse1.tga using Guid(30fcefff8373d6c4fa567c23ded3a8a3) Importer(815301076,1909f56bfc062723c751e8b465ee728b)  -> (artifact id: '5933b819607306dbb469c9fd57eca966') in 0.039033 seconds 
========================================================================
Received Import Request.
  Time since last request: 0.000030 seconds.
  path: Assets/AssetStoreOriginals/Fonts/Ammunition pack (demo)/Textures/Bullet2_normal1.tga
  artifactKey: Guid(83d641e9e1882ed4595a61851a816e53) Importer(815301076,1909f56bfc062723c751e8b465ee728b)
Start importing Assets/AssetStoreOriginals/Fonts/Ammunition pack (demo)/Textures/Bullet2_normal1.tga using Guid(83d641e9e1882ed4595a61851a816e53) Importer(815301076,1909f56bfc062723c751e8b465ee728b)  -> (artifact id: 'e01e39153cc9e91ffb9b8d191beadac4') in 0.025051 seconds 
========================================================================
Received Import Request.
  Time since last request: 0.000039 seconds.
  path: Assets/AssetStoreOriginals/Fonts/Ammunition pack (demo)/Textures/Bullet4_normal.tga
  artifactKey: Guid(9c557eef648b0ca4485a3381e25f8bc8) Importer(815301076,1909f56bfc062723c751e8b465ee728b)
Start importing Assets/AssetStoreOriginals/Fonts/Ammunition pack (demo)/Textures/Bullet4_normal.tga using Guid(9c557eef648b0ca4485a3381e25f8bc8) Importer(815301076,1909f56bfc062723c751e8b465ee728b)  -> (artifact id: '3efacf3fb8d3ec7133223a83d55ccd4a') in 0.014487 seconds 
========================================================================
Received Import Request.
  Time since last request: 0.000035 seconds.
  path: Assets/AssetStoreOriginals/Fonts/Ammunition pack (demo)/Textures/Bullet3_normal1,2.tga
  artifactKey: Guid(99010b201b45a31459cc5d56a3be9a0a) Importer(815301076,1909f56bfc062723c751e8b465ee728b)
Start importing Assets/AssetStoreOriginals/Fonts/Ammunition pack (demo)/Textures/Bullet3_normal1,2.tga using Guid(99010b201b45a31459cc5d56a3be9a0a) Importer(815301076,1909f56bfc062723c751e8b465ee728b)  -> (artifact id: '349eeb30c6cc35794b8ad36370cc6a86') in 0.018003 seconds 
========================================================================
Received Import Request.
  Time since last request: 0.000047 seconds.
  path: Assets/AssetStoreOriginals/Fonts/Ammunition pack (demo)/Textures/Bullet2_metallic2.tga
  artifactKey: Guid(7d122f3d3f4101f4ebe6658139952462) Importer(815301076,1909f56bfc062723c751e8b465ee728b)
Start importing Assets/AssetStoreOriginals/Fonts/Ammunition pack (demo)/Textures/Bullet2_metallic2.tga using Guid(7d122f3d3f4101f4ebe6658139952462) Importer(815301076,1909f56bfc062723c751e8b465ee728b)  -> (artifact id: '85468a92aa2c76c4ffccc5e74808dc7b') in 0.016230 seconds 
========================================================================
Received Import Request.
  Time since last request: 0.000039 seconds.
  path: Assets/AssetStoreOriginals/Fonts/Ammunition pack (demo)/Textures/Bullet3_diffuse1.tga
  artifactKey: Guid(f30d8f2e796f36645ba47e6d96aca1e9) Importer(815301076,1909f56bfc062723c751e8b465ee728b)
Start importing Assets/AssetStoreOriginals/Fonts/Ammunition pack (demo)/Textures/Bullet3_diffuse1.tga using Guid(f30d8f2e796f36645ba47e6d96aca1e9) Importer(815301076,1909f56bfc062723c751e8b465ee728b)  -> (artifact id: '60470855fedb27bcb7ae47e62d7a26a5') in 0.015759 seconds 
========================================================================
Received Import Request.
  Time since last request: 0.000035 seconds.
  path: Assets/AssetStoreOriginals/Fonts/Ammunition pack (demo)/Textures/Bullet2_normal2.tga
  artifactKey: Guid(8fa7f517d37bc5e48bc3a8f889248993) Importer(815301076,1909f56bfc062723c751e8b465ee728b)
Start importing Assets/AssetStoreOriginals/Fonts/Ammunition pack (demo)/Textures/Bullet2_normal2.tga using Guid(8fa7f517d37bc5e48bc3a8f889248993) Importer(815301076,1909f56bfc062723c751e8b465ee728b)  -> (artifact id: 'dec7e616a48a1b9203e7babd40c1fb58') in 0.015565 seconds 
========================================================================
Received Import Request.
  Time since last request: 0.000025 seconds.
  path: Assets/AssetStoreOriginals/Fonts/Ammunition pack (demo)/Textures/Bullet4_diffuse.tga
  artifactKey: Guid(613785cbe4d6fdd4d9d01ca31c110888) Importer(815301076,1909f56bfc062723c751e8b465ee728b)
Start importing Assets/AssetStoreOriginals/Fonts/Ammunition pack (demo)/Textures/Bullet4_diffuse.tga using Guid(613785cbe4d6fdd4d9d01ca31c110888) Importer(815301076,1909f56bfc062723c751e8b465ee728b)  -> (artifact id: 'd132fead86ae67905e85849fcd4ddfac') in 0.013403 seconds 
========================================================================
Received Import Request.
  Time since last request: 0.000029 seconds.
  path: Assets/AssetStoreOriginals/Fonts/Ammunition pack (demo)/Textures/Bullet6_diffuse.tga
  artifactKey: Guid(bda533f36e338d24194a292a9dab7445) Importer(815301076,1909f56bfc062723c751e8b465ee728b)
Start importing Assets/AssetStoreOriginals/Fonts/Ammunition pack (demo)/Textures/Bullet6_diffuse.tga using Guid(bda533f36e338d24194a292a9dab7445) Importer(815301076,1909f56bfc062723c751e8b465ee728b)  -> (artifact id: '51c1bbc365fbfe4bf9cd63092deb8835') in 0.012395 seconds 
========================================================================
Received Import Request.
  Time since last request: 0.000018 seconds.
  path: Assets/AssetStoreOriginals/Fonts/Ammunition pack (demo)/Textures/Bullet5_diffuse3.tga
  artifactKey: Guid(09dce65b88a1be3408ffb5817709b8b1) Importer(815301076,1909f56bfc062723c751e8b465ee728b)
Start importing Assets/AssetStoreOriginals/Fonts/Ammunition pack (demo)/Textures/Bullet5_diffuse3.tga using Guid(09dce65b88a1be3408ffb5817709b8b1) Importer(815301076,1909f56bfc062723c751e8b465ee728b)  -> (artifact id: 'b2dd671753d270d3fe02af0594d26885') in 0.020485 seconds 
========================================================================
Received Import Request.
  Time since last request: 0.000021 seconds.
  path: Assets/AssetStoreOriginals/Fonts/Ammunition pack (demo)/Textures/Bullet2_diffuse2.tga
  artifactKey: Guid(a8e146f9ffa5c1f4e97be825f488ca9b) Importer(815301076,1909f56bfc062723c751e8b465ee728b)
Start importing Assets/AssetStoreOriginals/Fonts/Ammunition pack (demo)/Textures/Bullet2_diffuse2.tga using Guid(a8e146f9ffa5c1f4e97be825f488ca9b) Importer(815301076,1909f56bfc062723c751e8b465ee728b)  -> (artifact id: '9d06931d1d41eccbf89f2c3f010e3c44') in 0.012886 seconds 
========================================================================
Received Import Request.
  Time since last request: 0.000043 seconds.
  path: Assets/AssetStoreOriginals/Fonts/Ammunition pack (demo)/Textures/Bullet5_diffuse2.tga
  artifactKey: Guid(e86d4da85a76d91409a0a13069c862a2) Importer(815301076,1909f56bfc062723c751e8b465ee728b)
Start importing Assets/AssetStoreOriginals/Fonts/Ammunition pack (demo)/Textures/Bullet5_diffuse2.tga using Guid(e86d4da85a76d91409a0a13069c862a2) Importer(815301076,1909f56bfc062723c751e8b465ee728b)  -> (artifact id: 'a2ff7b3922a64b706083cd120a065a9c') in 0.015757 seconds 
========================================================================
Received Import Request.
  Time since last request: 0.000033 seconds.
  path: Assets/AssetStoreOriginals/Fonts/Ammunition pack (demo)/Textures/Bullet4_metallic.tga
  artifactKey: Guid(9ad56495adf899c47b8cb7ec44ad63f6) Importer(815301076,1909f56bfc062723c751e8b465ee728b)
Start importing Assets/AssetStoreOriginals/Fonts/Ammunition pack (demo)/Textures/Bullet4_metallic.tga using Guid(9ad56495adf899c47b8cb7ec44ad63f6) Importer(815301076,1909f56bfc062723c751e8b465ee728b)  -> (artifact id: 'ade21dfe95081a355f12b38019a651a2') in 0.012818 seconds 
========================================================================
Received Import Request.
  Time since last request: 0.000022 seconds.
  path: Assets/AssetStoreOriginals/Fonts/Ammunition pack (demo)/Textures/Bullet5_normal.tga
  artifactKey: Guid(6bf8a5720228ccc4280b59b7c7eec833) Importer(815301076,1909f56bfc062723c751e8b465ee728b)
Start importing Assets/AssetStoreOriginals/Fonts/Ammunition pack (demo)/Textures/Bullet5_normal.tga using Guid(6bf8a5720228ccc4280b59b7c7eec833) Importer(815301076,1909f56bfc062723c751e8b465ee728b)  -> (artifact id: 'fcb6a798f53b13c52b09880866f681fa') in 0.015371 seconds 
========================================================================
Received Import Request.
  Time since last request: 0.000031 seconds.
  path: Assets/AssetStoreOriginals/Fonts/Ammunition pack (demo)/Textures/Bullet5_diffuse1.tga
  artifactKey: Guid(8ec575a0a13c31c4c86119ed8c930b30) Importer(815301076,1909f56bfc062723c751e8b465ee728b)
Start importing Assets/AssetStoreOriginals/Fonts/Ammunition pack (demo)/Textures/Bullet5_diffuse1.tga using Guid(8ec575a0a13c31c4c86119ed8c930b30) Importer(815301076,1909f56bfc062723c751e8b465ee728b)  -> (artifact id: 'ad8714cbd5e7945de32fdea8bde33546') in 0.013871 seconds 
========================================================================
Received Import Request.
  Time since last request: 0.000022 seconds.
  path: Assets/AssetStoreOriginals/Fonts/Ammunition pack (demo)/Textures/Bullet6_normal.tga
  artifactKey: Guid(825b671eae0d1f448a50a3b4328e8b0b) Importer(815301076,1909f56bfc062723c751e8b465ee728b)
Start importing Assets/AssetStoreOriginals/Fonts/Ammunition pack (demo)/Textures/Bullet6_normal.tga using Guid(825b671eae0d1f448a50a3b4328e8b0b) Importer(815301076,1909f56bfc062723c751e8b465ee728b)  -> (artifact id: '1ddaf742cdb399e69fae4a0f15183b3e') in 0.013637 seconds 
========================================================================
Received Import Request.
  Time since last request: 0.000028 seconds.
  path: Assets/AssetStoreOriginals/Fonts/Ammunition pack (demo)/Textures/Bullet1_metallic.tga
  artifactKey: Guid(40fea0bad5f94ce4fa85947631f7e9bd) Importer(815301076,1909f56bfc062723c751e8b465ee728b)
Start importing Assets/AssetStoreOriginals/Fonts/Ammunition pack (demo)/Textures/Bullet1_metallic.tga using Guid(40fea0bad5f94ce4fa85947631f7e9bd) Importer(815301076,1909f56bfc062723c751e8b465ee728b)  -> (artifact id: '3f5eb94e2087f3887a8ffb6d2e8722ba') in 0.009683 seconds 
========================================================================
Received Import Request.
  Time since last request: 0.696423 seconds.
  path: Assets/AssetStoreOriginals/Fonts/Ammunition pack (demo)/Textures/Bullet7_diffuse3.tga
  artifactKey: Guid(aefc0aa532cf2554da4466e9e2d8616b) Importer(815301076,1909f56bfc062723c751e8b465ee728b)
Start importing Assets/AssetStoreOriginals/Fonts/Ammunition pack (demo)/Textures/Bullet7_diffuse3.tga using Guid(aefc0aa532cf2554da4466e9e2d8616b) Importer(815301076,1909f56bfc062723c751e8b465ee728b)  -> (artifact id: '39e5c4fffe23003db26fa832b9e59527') in 0.035323 seconds 
========================================================================
Received Import Request.
  Time since last request: 0.000048 seconds.
  path: Assets/AssetStoreOriginals/Fonts/Ammunition pack (demo)/Textures/Bullet7_metallic3.tga
  artifactKey: Guid(068d77f9f73ef104987a648cf6f9d4c8) Importer(815301076,1909f56bfc062723c751e8b465ee728b)
Start importing Assets/AssetStoreOriginals/Fonts/Ammunition pack (demo)/Textures/Bullet7_metallic3.tga using Guid(068d77f9f73ef104987a648cf6f9d4c8) Importer(815301076,1909f56bfc062723c751e8b465ee728b)  -> (artifact id: '5b96c68c18aaab3f2a65b8506f840ccc') in 0.012708 seconds 
========================================================================
Received Import Request.
  Time since last request: 0.000019 seconds.
  path: Assets/AssetStoreOriginals/Fonts/Ammunition pack (demo)/Textures/Bullet7_normal1,2,3.tga
  artifactKey: Guid(e307ad4834b20414e894771232d3fd29) Importer(815301076,1909f56bfc062723c751e8b465ee728b)
Start importing Assets/AssetStoreOriginals/Fonts/Ammunition pack (demo)/Textures/Bullet7_normal1,2,3.tga using Guid(e307ad4834b20414e894771232d3fd29) Importer(815301076,1909f56bfc062723c751e8b465ee728b)  -> (artifact id: '6921887d0c4383706a36381da1eec10c') in 0.015355 seconds 
========================================================================
Received Import Request.
  Time since last request: 0.000026 seconds.
  path: Assets/AssetStoreOriginals/Fonts/Ammunition pack (demo)/Textures/Bullet8_Substance_Bullet8_mat_MetallicSmoothness.tga
  artifactKey: Guid(f66fd5eda6950f1488746a361f9d37ac) Importer(815301076,1909f56bfc062723c751e8b465ee728b)
Start importing Assets/AssetStoreOriginals/Fonts/Ammunition pack (demo)/Textures/Bullet8_Substance_Bullet8_mat_MetallicSmoothness.tga using Guid(f66fd5eda6950f1488746a361f9d37ac) Importer(815301076,1909f56bfc062723c751e8b465ee728b)  -> (artifact id: '3aee23087d69df7ac6634969d1f0d898') in 0.014346 seconds 
Editor requested this worker to shutdown with reason: Scaling down because of idle timeout
AssetImportWorker is now disconnected from the server
Process exiting
Exiting without the bug reporter. Application will terminate with return code 0